<?xml version="1.0" encoding="UTF-8"?>
<!-- Generated by org.testng.reporters.JUnitXMLReporter -->
<testsuite ignored="0" hostname="Achu" failures="0" tests="5" name="Default test" time="31.945" errors="0" timestamp="2024-10-10T21:00:31 BST">
  <testcase classname="testCases.DemoRegisterTest" name="redirectToRegisterPage" time="1.498"/>
  <testcase classname="testCases.DemoRegisterTest" name="fillingRegisterForm" time="6.17"/>
  <testcase classname="testCases.DemoRegisterTest" name="submitEmptyRegistration" time="1.247"/>
  <testcase classname="testCases.DemoRegisterTest" name="invalidRegistration" time="8.878"/>
  <testcase classname="testCases.DemoRegisterTest" name="invalidRegistration" time="6.058"/>
</testsuite> <!-- Default test -->
