<?xml version="1.0" encoding="UTF-8"?>
<!-- Generated by org.testng.reporters.JUnitXMLReporter -->
<testsuite ignored="0" hostname="Achu" failures="0" tests="8" name="Test Suite Regression Edge" time="40.889" errors="0" timestamp="2024-10-15T20:16:04 BST">
  <testcase classname="testCases.DemoRegisterTest" name="redirectToRegisterPage" time="1.086"/>
  <testcase classname="testCases.DemoRegisterTest" name="fillingRegisterForm" time="5.684"/>
  <testcase classname="testCases.DemoRegisterTest" name="submitEmptyRegistration" time="1.275"/>
  <testcase classname="testCases.DemoRegisterTest" name="invalidRegistration" time="6.428"/>
  <testcase classname="testCases.DemoRegisterTest" name="invalidRegistration" time="7.221"/>
  <testcase classname="testCases.DemoLoginTest" name="emptyLoginSubmission" time="0.92"/>
  <testcase classname="testCases.DemoLoginTest" name="invalidLoginSubmission" time="5.24"/>
  <testcase classname="testCases.DemoLoginTest" name="validLoginSubmission" time="2.758"/>
</testsuite> <!-- Test Suite Regression Edge -->
