<?xml version="1.0" encoding="UTF-8"?>
<!-- Generated by org.testng.reporters.JUnitXMLReporter -->
<testsuite ignored="0" hostname="Achu" failures="0" tests="8" name="Test Suite Regression" time="60.048" errors="0" timestamp="2024-10-10T21:02:52 BST">
  <testcase classname="testCases.DemoRegisterTest" name="redirectToRegisterPage" time="3.094"/>
  <testcase classname="testCases.DemoRegisterTest" name="fillingRegisterForm" time="13.688"/>
  <testcase classname="testCases.DemoRegisterTest" name="submitEmptyRegistration" time="1.746"/>
  <testcase classname="testCases.DemoRegisterTest" name="invalidRegistration" time="6.817"/>
  <testcase classname="testCases.DemoRegisterTest" name="invalidRegistration" time="5.56"/>
  <testcase classname="testCases.DemoLoginTest" name="emptyLoginSubmission" time="1.251"/>
  <testcase classname="testCases.DemoLoginTest" name="invalidLoginSubmission" time="5.047"/>
  <testcase classname="testCases.DemoLoginTest" name="validLoginSubmission" time="2.719"/>
</testsuite> <!-- Test Suite Regression -->
