<?xml version="1.0" encoding="UTF-8"?>
<!-- Generated by org.testng.reporters.JUnitXMLReporter -->
<testsuite ignored="0" hostname="Achu" failures="0" tests="8" name="Test Suite Regression Chrome" time="51.577" errors="0" timestamp="2024-10-15T20:14:49 BST">
  <testcase classname="testCases.DemoRegisterTest" name="redirectToRegisterPage" time="1.571"/>
  <testcase classname="testCases.DemoRegisterTest" name="fillingRegisterForm" time="6.818"/>
  <testcase classname="testCases.DemoRegisterTest" name="submitEmptyRegistration" time="1.465"/>
  <testcase classname="testCases.DemoRegisterTest" name="invalidRegistration" time="8.101"/>
  <testcase classname="testCases.DemoRegisterTest" name="invalidRegistration" time="6.497"/>
  <testcase classname="testCases.DemoLoginTest" name="emptyLoginSubmission" time="1.252"/>
  <testcase classname="testCases.DemoLoginTest" name="invalidLoginSubmission" time="5.131"/>
  <testcase classname="testCases.DemoLoginTest" name="validLoginSubmission" time="3.463"/>
</testsuite> <!-- Test Suite Regression Chrome -->
