<?xml version="1.0" encoding="UTF-8"?>
<!-- Generated by org.testng.reporters.JUnitXMLReporter -->
<testsuite ignored="0" hostname="Achu" failures="0" tests="8" name="Test Suite Regression" time="55.737" errors="0" timestamp="2024-10-12T21:54:46 BST">
  <testcase classname="testCases.DemoRegisterTest" name="redirectToRegisterPage" time="2.116"/>
  <testcase classname="testCases.DemoRegisterTest" name="fillingRegisterForm" time="10.067"/>
  <testcase classname="testCases.DemoRegisterTest" name="submitEmptyRegistration" time="1.783"/>
  <testcase classname="testCases.DemoRegisterTest" name="invalidRegistration" time="9.706"/>
  <testcase classname="testCases.DemoRegisterTest" name="invalidRegistration" time="7.047"/>
  <testcase classname="testCases.DemoLoginTest" name="emptyLoginSubmission" time="1.617"/>
  <testcase classname="testCases.DemoLoginTest" name="invalidLoginSubmission" time="5.598"/>
  <testcase classname="testCases.DemoLoginTest" name="validLoginSubmission" time="2.813"/>
</testsuite> <!-- Test Suite Regression -->
