<?xml version="1.0" encoding="UTF-8"?>
<!-- Generated by org.testng.reporters.JUnitXMLReporter -->
<testsuite ignored="0" hostname="Achu" failures="0" tests="8" name="Test Suite Regression" time="53.855" errors="0" timestamp="2024-10-09T22:27:08 BST">
  <testcase classname="testCases.DemoRegisterTest" name="redirectToRegisterPage" time="1.173"/>
  <testcase classname="testCases.DemoRegisterTest" name="fillingRegisterForm" time="5.963"/>
  <testcase classname="testCases.DemoRegisterTest" name="submitEmptyRegistration" time="1.943"/>
  <testcase classname="testCases.DemoRegisterTest" name="invalidRegistration" time="8.644"/>
  <testcase classname="testCases.DemoRegisterTest" name="invalidRegistration" time="4.736"/>
  <testcase classname="testCases.DemoLoginTest" name="emptyLoginSubmission" time="0.781"/>
  <testcase classname="testCases.DemoLoginTest" name="invalidLoginSubmission" time="4.837"/>
  <testcase classname="testCases.DemoLoginTest" name="validLoginSubmission" time="2.331"/>
</testsuite> <!-- Test Suite Regression -->
