<?xml version="1.0" encoding="UTF-8"?>
<testsuite xmlns:xsi="http://www.w3.org/2001/XMLSchema-instance" xsi:noNamespaceSchemaLocation="https://maven.apache.org/surefire/maven-surefire-plugin/xsd/surefire-test-report.xsd" name="TestSuite" time="55.705" tests="8" errors="0" skipped="0" failures="0">
  <properties>
[...]
</properties>
  <testcase name="redirectToRegisterPage" classname="testCases.DemoRegisterTest" time="1.282"/>
  <testcase name="fillingRegisterForm" classname="testCases.DemoRegisterTest" time="6.059"/>
  <testcase name="submitEmptyRegistration" classname="testCases.DemoRegisterTest" time="1.943"/>
  <testcase name="invalidRegistration" classname="testCases.DemoRegisterTest" time="8.642"/>
  <testcase name="invalidRegistration" classname="testCases.DemoRegisterTest" time="4.733"/>
  <testcase name="emptyLoginSubmission" classname="testCases.DemoLoginTest" time="0.78"/>
  <testcase name="invalidLoginSubmission" classname="testCases.DemoLoginTest" time="4.837"/>
  <testcase name="validLoginSubmission" classname="testCases.DemoLoginTest" time="2.331"/>
</testsuite>