<?xml version="1.0" encoding="UTF-8"?>
<testng-results ignored="0" total="8" passed="8" failed="0" skipped="0">
  <reporter-output>
  </reporter-output>
  <suite started-at="2024-10-09T22:26:14 BST" name="Suite" finished-at="2024-10-09T22:27:08 BST" duration-ms="53855">
    <groups>
    </groups>
    <test started-at="2024-10-09T22:26:14 BST" name="Test Suite Regression" finished-at="2024-10-09T22:27:08 BST" duration-ms="53855">
      <class name="testCases.DemoRegisterTest">
        <test-method is-config="true" signature="beforetest()[pri:0, instance:testCases.DemoRegisterTest@22101c80]" started-at="2024-10-09T22:26:32 BST" name="beforetest" finished-at="2024-10-09T22:26:36 BST" duration-ms="4477" status="PASS">
          <reporter-output>
          </reporter-output>
        </test-method> <!-- beforetest -->
        <test-method signature="redirectToRegisterPage()[pri:1, instance:testCases.DemoRegisterTest@22101c80]" started-at="2024-10-09T22:26:36 BST" name="redirectToRegisterPage" finished-at="2024-10-09T22:26:38 BST" duration-ms="1173" status="PASS">
          <reporter-output>
          </reporter-output>
        </test-method> <!-- redirectToRegisterPage -->
        <test-method signature="fillingRegisterForm()[pri:2, instance:testCases.DemoRegisterTest@22101c80]" started-at="2024-10-09T22:26:38 BST" name="fillingRegisterForm" finished-at="2024-10-09T22:26:44 BST" duration-ms="5963" status="PASS">
          <reporter-output>
          </reporter-output>
        </test-method> <!-- fillingRegisterForm -->
        <test-method signature="submitEmptyRegistration()[pri:3, instance:testCases.DemoRegisterTest@22101c80]" started-at="2024-10-09T22:26:44 BST" name="submitEmptyRegistration" finished-at="2024-10-09T22:26:46 BST" duration-ms="1943" status="PASS">
          <reporter-output>
          </reporter-output>
        </test-method> <!-- submitEmptyRegistration -->
        <test-method signature="invalidRegistration(java.lang.String, java.lang.String, java.lang.String, java.lang.String, java.lang.String, java.lang.String, java.lang.String, java.lang.String, java.lang.String, java.lang.String, java.lang.String)[pri:4, instance:testCases.DemoRegisterTest@22101c80]" started-at="2024-10-09T22:26:46 BST" name="invalidRegistration" data-provider="registrationData" finished-at="2024-10-09T22:26:54 BST" duration-ms="8644" status="PASS">
          <params>
            <param index="0">
              <value>
                <![CDATA[445656]]>
              </value>
            </param>
            <param index="1">
              <value>
                <![CDATA[ ]]>
              </value>
            </param>
            <param index="2">
              <value>
                <![CDATA[Address1]]>
              </value>
            </param>
            <param index="3">
              <value>
                <![CDATA[state1]]>
              </value>
            </param>
            <param index="4">
              <value>
                <![CDATA[City1]]>
              </value>
            </param>
            <param index="5">
              <value>
                <![CDATA[BN2 3E4]]>
              </value>
            </param>
            <param index="6">
              <value>
                <![CDATA[ ]]>
              </value>
            </param>
            <param index="7">
              <value>
                <![CDATA[67687798]]>
              </value>
            </param>
            <param index="8">
              <value>
                <![CDATA[utharit@ ]]>
              </value>
            </param>
            <param index="9">
              <value>
                <![CDATA[utharit]]>
              </value>
            </param>
            <param index="10">
              <value>
                <![CDATA[utharit]]>
              </value>
            </param>
          </params>
          <reporter-output>
          </reporter-output>
        </test-method> <!-- invalidRegistration -->
        <test-method signature="invalidRegistration(java.lang.String, java.lang.String, java.lang.String, java.lang.String, java.lang.String, java.lang.String, java.lang.String, java.lang.String, java.lang.String, java.lang.String, java.lang.String)[pri:4, instance:testCases.DemoRegisterTest@22101c80]" started-at="2024-10-09T22:26:54 BST" name="invalidRegistration" data-provider="registrationData" finished-at="2024-10-09T22:26:59 BST" duration-ms="4736" status="PASS">
          <params>
            <param index="0">
              <value>
                <![CDATA[Ushari]]>
              </value>
            </param>
            <param index="1">
              <value>
                <![CDATA[65665]]>
              </value>
            </param>
            <param index="2">
              <value>
                <![CDATA[Address1]]>
              </value>
            </param>
            <param index="3">
              <value>
                <![CDATA[state1]]>
              </value>
            </param>
            <param index="4">
              <value>
                <![CDATA[City1]]>
              </value>
            </param>
            <param index="5">
              <value>
                <![CDATA[BN23E4]]>
              </value>
            </param>
            <param index="6">
              <value>
                <![CDATA[hhhoih]]>
              </value>
            </param>
            <param index="7">
              <value>
                <![CDATA[67687798]]>
              </value>
            </param>
            <param index="8">
              <value>
                <![CDATA[ewtyetqyhrr@]]>
              </value>
            </param>
            <param index="9">
              <value>
                <![CDATA[utharit]]>
              </value>
            </param>
            <param index="10">
              <value>
                <![CDATA[utharit6y65y]]>
              </value>
            </param>
          </params>
          <reporter-output>
          </reporter-output>
        </test-method> <!-- invalidRegistration -->
        <test-method is-config="true" signature="close()[pri:0, instance:testCases.DemoRegisterTest@22101c80]" started-at="2024-10-09T22:26:59 BST" name="close" finished-at="2024-10-09T22:27:00 BST" duration-ms="378" status="PASS">
          <reporter-output>
          </reporter-output>
        </test-method> <!-- close -->
      </class> <!-- testCases.DemoRegisterTest -->
      <class name="testCases.DemoLoginTest">
        <test-method is-config="true" signature="beforetest()[pri:0, instance:testCases.DemoLoginTest@31ff1390]" started-at="2024-10-09T22:26:14 BST" name="beforetest" finished-at="2024-10-09T22:26:32 BST" duration-ms="17842" status="PASS">
          <reporter-output>
          </reporter-output>
        </test-method> <!-- beforetest -->
        <test-method signature="emptyLoginSubmission()[pri:1, instance:testCases.DemoLoginTest@31ff1390]" started-at="2024-10-09T22:27:00 BST" name="emptyLoginSubmission" finished-at="2024-10-09T22:27:00 BST" duration-ms="781" status="PASS">
          <reporter-output>
          </reporter-output>
        </test-method> <!-- emptyLoginSubmission -->
        <test-method signature="invalidLoginSubmission()[pri:2, instance:testCases.DemoLoginTest@31ff1390]" started-at="2024-10-09T22:27:00 BST" name="invalidLoginSubmission" finished-at="2024-10-09T22:27:05 BST" duration-ms="4837" status="PASS">
          <reporter-output>
          </reporter-output>
        </test-method> <!-- invalidLoginSubmission -->
        <test-method signature="validLoginSubmission()[pri:3, instance:testCases.DemoLoginTest@31ff1390]" started-at="2024-10-09T22:27:05 BST" name="validLoginSubmission" finished-at="2024-10-09T22:27:08 BST" duration-ms="2331" status="PASS">
          <reporter-output>
          </reporter-output>
        </test-method> <!-- validLoginSubmission -->
        <test-method is-config="true" signature="close()[pri:0, instance:testCases.DemoLoginTest@31ff1390]" started-at="2024-10-09T22:27:08 BST" name="close" finished-at="2024-10-09T22:27:08 BST" duration-ms="324" status="PASS">
          <reporter-output>
          </reporter-output>
        </test-method> <!-- close -->
      </class> <!-- testCases.DemoLoginTest -->
    </test> <!-- Test Suite Regression -->
  </suite> <!-- Suite -->
</testng-results>
