<?xml version="1.0" encoding="UTF-8"?>
<testng-results ignored="0" total="24" passed="24" failed="0" skipped="0">
  <reporter-output>
  </reporter-output>
  <suite started-at="2024-10-15T20:13:57 BST" name="Suite" finished-at="2024-10-15T20:16:04 BST" duration-ms="126632">
    <groups>
    </groups>
    <test started-at="2024-10-15T20:13:57 BST" name="Test Suite Regression Chrome" finished-at="2024-10-15T20:14:49 BST" duration-ms="51577">
      <class name="testCases.DemoRegisterTest">
        <test-method is-config="true" signature="setup(java.lang.String)[pri:0, instance:testCases.DemoRegisterTest@4d74c3ba]" started-at="2024-10-15T20:13:57 BST" name="setup" finished-at="2024-10-15T20:14:08 BST" duration-ms="11040" status="PASS">
          <params>
            <param index="0">
              <value>
                <![CDATA[chrome]]>
              </value>
            </param>
          </params>
          <reporter-output>
          </reporter-output>
        </test-method> <!-- setup -->
        <test-method signature="redirectToRegisterPage()[pri:1, instance:testCases.DemoRegisterTest@4d74c3ba]" started-at="2024-10-15T20:14:08 BST" name="redirectToRegisterPage" finished-at="2024-10-15T20:14:10 BST" duration-ms="1571" status="PASS">
          <reporter-output>
          </reporter-output>
        </test-method> <!-- redirectToRegisterPage -->
        <test-method signature="fillingRegisterForm()[pri:2, instance:testCases.DemoRegisterTest@4d74c3ba]" started-at="2024-10-15T20:14:10 BST" name="fillingRegisterForm" finished-at="2024-10-15T20:14:17 BST" duration-ms="6818" status="PASS">
          <reporter-output>
          </reporter-output>
        </test-method> <!-- fillingRegisterForm -->
        <test-method signature="submitEmptyRegistration()[pri:3, instance:testCases.DemoRegisterTest@4d74c3ba]" started-at="2024-10-15T20:14:17 BST" name="submitEmptyRegistration" finished-at="2024-10-15T20:14:18 BST" duration-ms="1465" status="PASS">
          <reporter-output>
          </reporter-output>
        </test-method> <!-- submitEmptyRegistration -->
        <test-method signature="invalidRegistration(java.lang.String, java.lang.String, java.lang.String, java.lang.String, java.lang.String, java.lang.String, java.lang.String, java.lang.String, java.lang.String, java.lang.String, java.lang.String)[pri:4, instance:testCases.DemoRegisterTest@4d74c3ba]" started-at="2024-10-15T20:14:18 BST" name="invalidRegistration" data-provider="registrationData" finished-at="2024-10-15T20:14:26 BST" duration-ms="8101" status="PASS">
          <params>
            <param index="0">
              <value>
                <![CDATA[445656]]>
              </value>
            </param>
            <param index="1">
              <value>
                <![CDATA[ ]]>
              </value>
            </param>
            <param index="2">
              <value>
                <![CDATA[Address1]]>
              </value>
            </param>
            <param index="3">
              <value>
                <![CDATA[state1]]>
              </value>
            </param>
            <param index="4">
              <value>
                <![CDATA[City1]]>
              </value>
            </param>
            <param index="5">
              <value>
                <![CDATA[BN2 3E4]]>
              </value>
            </param>
            <param index="6">
              <value>
                <![CDATA[ ]]>
              </value>
            </param>
            <param index="7">
              <value>
                <![CDATA[67687798]]>
              </value>
            </param>
            <param index="8">
              <value>
                <![CDATA[utharit@ ]]>
              </value>
            </param>
            <param index="9">
              <value>
                <![CDATA[utharit]]>
              </value>
            </param>
            <param index="10">
              <value>
                <![CDATA[utharit]]>
              </value>
            </param>
          </params>
          <reporter-output>
          </reporter-output>
        </test-method> <!-- invalidRegistration -->
        <test-method signature="invalidRegistration(java.lang.String, java.lang.String, java.lang.String, java.lang.String, java.lang.String, java.lang.String, java.lang.String, java.lang.String, java.lang.String, java.lang.String, java.lang.String)[pri:4, instance:testCases.DemoRegisterTest@4d74c3ba]" started-at="2024-10-15T20:14:26 BST" name="invalidRegistration" data-provider="registrationData" finished-at="2024-10-15T20:14:33 BST" duration-ms="6497" status="PASS">
          <params>
            <param index="0">
              <value>
                <![CDATA[Ushari]]>
              </value>
            </param>
            <param index="1">
              <value>
                <![CDATA[65665]]>
              </value>
            </param>
            <param index="2">
              <value>
                <![CDATA[Address1]]>
              </value>
            </param>
            <param index="3">
              <value>
                <![CDATA[state1]]>
              </value>
            </param>
            <param index="4">
              <value>
                <![CDATA[City1]]>
              </value>
            </param>
            <param index="5">
              <value>
                <![CDATA[BN23E4]]>
              </value>
            </param>
            <param index="6">
              <value>
                <![CDATA[hhhoih]]>
              </value>
            </param>
            <param index="7">
              <value>
                <![CDATA[67687798]]>
              </value>
            </param>
            <param index="8">
              <value>
                <![CDATA[ewtyetqyhrr@]]>
              </value>
            </param>
            <param index="9">
              <value>
                <![CDATA[utharit]]>
              </value>
            </param>
            <param index="10">
              <value>
                <![CDATA[utharit6y65y]]>
              </value>
            </param>
          </params>
          <reporter-output>
          </reporter-output>
        </test-method> <!-- invalidRegistration -->
        <test-method is-config="true" signature="close()[pri:0, instance:testCases.DemoRegisterTest@4d74c3ba]" started-at="2024-10-15T20:14:33 BST" name="close" finished-at="2024-10-15T20:14:33 BST" duration-ms="496" status="PASS">
          <reporter-output>
          </reporter-output>
        </test-method> <!-- close -->
      </class> <!-- testCases.DemoRegisterTest -->
      <class name="testCases.DemoLoginTest">
        <test-method is-config="true" signature="setup(java.lang.String)[pri:0, instance:testCases.DemoLoginTest@41c204a0]" started-at="2024-10-15T20:14:33 BST" name="setup" finished-at="2024-10-15T20:14:38 BST" duration-ms="4849" status="PASS">
          <params>
            <param index="0">
              <value>
                <![CDATA[chrome]]>
              </value>
            </param>
          </params>
          <reporter-output>
          </reporter-output>
        </test-method> <!-- setup -->
        <test-method signature="emptyLoginSubmission()[pri:1, instance:testCases.DemoLoginTest@41c204a0]" started-at="2024-10-15T20:14:38 BST" name="emptyLoginSubmission" finished-at="2024-10-15T20:14:40 BST" duration-ms="1252" status="PASS">
          <reporter-output>
          </reporter-output>
        </test-method> <!-- emptyLoginSubmission -->
        <test-method signature="invalidLoginSubmission()[pri:2, instance:testCases.DemoLoginTest@41c204a0]" started-at="2024-10-15T20:14:40 BST" name="invalidLoginSubmission" finished-at="2024-10-15T20:14:45 BST" duration-ms="5131" status="PASS">
          <reporter-output>
          </reporter-output>
        </test-method> <!-- invalidLoginSubmission -->
        <test-method signature="validLoginSubmission()[pri:3, instance:testCases.DemoLoginTest@41c204a0]" started-at="2024-10-15T20:14:45 BST" name="validLoginSubmission" finished-at="2024-10-15T20:14:48 BST" duration-ms="3463" status="PASS">
          <reporter-output>
          </reporter-output>
        </test-method> <!-- validLoginSubmission -->
        <test-method is-config="true" signature="close()[pri:0, instance:testCases.DemoLoginTest@41c204a0]" started-at="2024-10-15T20:14:48 BST" name="close" finished-at="2024-10-15T20:14:49 BST" duration-ms="408" status="PASS">
          <reporter-output>
          </reporter-output>
        </test-method> <!-- close -->
      </class> <!-- testCases.DemoLoginTest -->
    </test> <!-- Test Suite Regression Chrome -->
    <test started-at="2024-10-15T20:14:49 BST" name="Test Suite Regression Firefox" finished-at="2024-10-15T20:15:23 BST" duration-ms="34008">
      <class name="testCases.DemoRegisterTest">
        <test-method is-config="true" signature="setup(java.lang.String)[pri:0, instance:testCases.DemoRegisterTest@5f303ecd]" started-at="2024-10-15T20:14:49 BST" name="setup" finished-at="2024-10-15T20:14:56 BST" duration-ms="7693" status="PASS">
          <params>
            <param index="0">
              <value>
                <![CDATA[firefox]]>
              </value>
            </param>
          </params>
          <reporter-output>
          </reporter-output>
        </test-method> <!-- setup -->
        <test-method signature="redirectToRegisterPage()[pri:1, instance:testCases.DemoRegisterTest@5f303ecd]" started-at="2024-10-15T20:14:56 BST" name="redirectToRegisterPage" finished-at="2024-10-15T20:14:57 BST" duration-ms="789" status="PASS">
          <reporter-output>
          </reporter-output>
        </test-method> <!-- redirectToRegisterPage -->
        <test-method signature="fillingRegisterForm()[pri:2, instance:testCases.DemoRegisterTest@5f303ecd]" started-at="2024-10-15T20:14:57 BST" name="fillingRegisterForm" finished-at="2024-10-15T20:15:00 BST" duration-ms="2337" status="PASS">
          <reporter-output>
          </reporter-output>
        </test-method> <!-- fillingRegisterForm -->
        <test-method signature="submitEmptyRegistration()[pri:3, instance:testCases.DemoRegisterTest@5f303ecd]" started-at="2024-10-15T20:15:00 BST" name="submitEmptyRegistration" finished-at="2024-10-15T20:15:00 BST" duration-ms="896" status="PASS">
          <reporter-output>
          </reporter-output>
        </test-method> <!-- submitEmptyRegistration -->
        <test-method signature="invalidRegistration(java.lang.String, java.lang.String, java.lang.String, java.lang.String, java.lang.String, java.lang.String, java.lang.String, java.lang.String, java.lang.String, java.lang.String, java.lang.String)[pri:4, instance:testCases.DemoRegisterTest@5f303ecd]" started-at="2024-10-15T20:15:00 BST" name="invalidRegistration" data-provider="registrationData" finished-at="2024-10-15T20:15:03 BST" duration-ms="2280" status="PASS">
          <params>
            <param index="0">
              <value>
                <![CDATA[445656]]>
              </value>
            </param>
            <param index="1">
              <value>
                <![CDATA[ ]]>
              </value>
            </param>
            <param index="2">
              <value>
                <![CDATA[Address1]]>
              </value>
            </param>
            <param index="3">
              <value>
                <![CDATA[state1]]>
              </value>
            </param>
            <param index="4">
              <value>
                <![CDATA[City1]]>
              </value>
            </param>
            <param index="5">
              <value>
                <![CDATA[BN2 3E4]]>
              </value>
            </param>
            <param index="6">
              <value>
                <![CDATA[ ]]>
              </value>
            </param>
            <param index="7">
              <value>
                <![CDATA[67687798]]>
              </value>
            </param>
            <param index="8">
              <value>
                <![CDATA[utharit@ ]]>
              </value>
            </param>
            <param index="9">
              <value>
                <![CDATA[utharit]]>
              </value>
            </param>
            <param index="10">
              <value>
                <![CDATA[utharit]]>
              </value>
            </param>
          </params>
          <reporter-output>
          </reporter-output>
        </test-method> <!-- invalidRegistration -->
        <test-method signature="invalidRegistration(java.lang.String, java.lang.String, java.lang.String, java.lang.String, java.lang.String, java.lang.String, java.lang.String, java.lang.String, java.lang.String, java.lang.String, java.lang.String)[pri:4, instance:testCases.DemoRegisterTest@5f303ecd]" started-at="2024-10-15T20:15:03 BST" name="invalidRegistration" data-provider="registrationData" finished-at="2024-10-15T20:15:05 BST" duration-ms="2650" status="PASS">
          <params>
            <param index="0">
              <value>
                <![CDATA[Ushari]]>
              </value>
            </param>
            <param index="1">
              <value>
                <![CDATA[65665]]>
              </value>
            </param>
            <param index="2">
              <value>
                <![CDATA[Address1]]>
              </value>
            </param>
            <param index="3">
              <value>
                <![CDATA[state1]]>
              </value>
            </param>
            <param index="4">
              <value>
                <![CDATA[City1]]>
              </value>
            </param>
            <param index="5">
              <value>
                <![CDATA[BN23E4]]>
              </value>
            </param>
            <param index="6">
              <value>
                <![CDATA[hhhoih]]>
              </value>
            </param>
            <param index="7">
              <value>
                <![CDATA[67687798]]>
              </value>
            </param>
            <param index="8">
              <value>
                <![CDATA[ewtyetqyhrr@]]>
              </value>
            </param>
            <param index="9">
              <value>
                <![CDATA[utharit]]>
              </value>
            </param>
            <param index="10">
              <value>
                <![CDATA[utharit6y65y]]>
              </value>
            </param>
          </params>
          <reporter-output>
          </reporter-output>
        </test-method> <!-- invalidRegistration -->
        <test-method is-config="true" signature="close()[pri:0, instance:testCases.DemoRegisterTest@5f303ecd]" started-at="2024-10-15T20:15:05 BST" name="close" finished-at="2024-10-15T20:15:07 BST" duration-ms="1185" status="PASS">
          <reporter-output>
          </reporter-output>
        </test-method> <!-- close -->
      </class> <!-- testCases.DemoRegisterTest -->
      <class name="testCases.DemoLoginTest">
        <test-method is-config="true" signature="setup(java.lang.String)[pri:0, instance:testCases.DemoLoginTest@50d3bf39]" started-at="2024-10-15T20:15:07 BST" name="setup" finished-at="2024-10-15T20:15:14 BST" duration-ms="7831" status="PASS">
          <params>
            <param index="0">
              <value>
                <![CDATA[firefox]]>
              </value>
            </param>
          </params>
          <reporter-output>
          </reporter-output>
        </test-method> <!-- setup -->
        <test-method signature="emptyLoginSubmission()[pri:1, instance:testCases.DemoLoginTest@50d3bf39]" started-at="2024-10-15T20:15:14 BST" name="emptyLoginSubmission" finished-at="2024-10-15T20:15:15 BST" duration-ms="838" status="PASS">
          <reporter-output>
          </reporter-output>
        </test-method> <!-- emptyLoginSubmission -->
        <test-method signature="invalidLoginSubmission()[pri:2, instance:testCases.DemoLoginTest@50d3bf39]" started-at="2024-10-15T20:15:15 BST" name="invalidLoginSubmission" finished-at="2024-10-15T20:15:20 BST" duration-ms="4361" status="PASS">
          <reporter-output>
          </reporter-output>
        </test-method> <!-- invalidLoginSubmission -->
        <test-method signature="validLoginSubmission()[pri:3, instance:testCases.DemoLoginTest@50d3bf39]" started-at="2024-10-15T20:15:20 BST" name="validLoginSubmission" finished-at="2024-10-15T20:15:21 BST" duration-ms="1739" status="PASS">
          <reporter-output>
          </reporter-output>
        </test-method> <!-- validLoginSubmission -->
        <test-method is-config="true" signature="close()[pri:0, instance:testCases.DemoLoginTest@50d3bf39]" started-at="2024-10-15T20:15:21 BST" name="close" finished-at="2024-10-15T20:15:23 BST" duration-ms="1333" status="PASS">
          <reporter-output>
          </reporter-output>
        </test-method> <!-- close -->
      </class> <!-- testCases.DemoLoginTest -->
    </test> <!-- Test Suite Regression Firefox -->
    <test started-at="2024-10-15T20:15:23 BST" name="Test Suite Regression Edge" finished-at="2024-10-15T20:16:04 BST" duration-ms="40889">
      <class name="testCases.DemoRegisterTest">
        <test-method is-config="true" signature="setup(java.lang.String)[pri:0, instance:testCases.DemoRegisterTest@3c017078]" started-at="2024-10-15T20:15:23 BST" name="setup" finished-at="2024-10-15T20:15:27 BST" duration-ms="4652" status="PASS">
          <params>
            <param index="0">
              <value>
                <![CDATA[edge]]>
              </value>
            </param>
          </params>
          <reporter-output>
          </reporter-output>
        </test-method> <!-- setup -->
        <test-method signature="redirectToRegisterPage()[pri:1, instance:testCases.DemoRegisterTest@3c017078]" started-at="2024-10-15T20:15:27 BST" name="redirectToRegisterPage" finished-at="2024-10-15T20:15:29 BST" duration-ms="1086" status="PASS">
          <reporter-output>
          </reporter-output>
        </test-method> <!-- redirectToRegisterPage -->
        <test-method signature="fillingRegisterForm()[pri:2, instance:testCases.DemoRegisterTest@3c017078]" started-at="2024-10-15T20:15:29 BST" name="fillingRegisterForm" finished-at="2024-10-15T20:15:34 BST" duration-ms="5684" status="PASS">
          <reporter-output>
          </reporter-output>
        </test-method> <!-- fillingRegisterForm -->
        <test-method signature="submitEmptyRegistration()[pri:3, instance:testCases.DemoRegisterTest@3c017078]" started-at="2024-10-15T20:15:34 BST" name="submitEmptyRegistration" finished-at="2024-10-15T20:15:35 BST" duration-ms="1275" status="PASS">
          <reporter-output>
          </reporter-output>
        </test-method> <!-- submitEmptyRegistration -->
        <test-method signature="invalidRegistration(java.lang.String, java.lang.String, java.lang.String, java.lang.String, java.lang.String, java.lang.String, java.lang.String, java.lang.String, java.lang.String, java.lang.String, java.lang.String)[pri:4, instance:testCases.DemoRegisterTest@3c017078]" started-at="2024-10-15T20:15:35 BST" name="invalidRegistration" data-provider="registrationData" finished-at="2024-10-15T20:15:42 BST" duration-ms="6428" status="PASS">
          <params>
            <param index="0">
              <value>
                <![CDATA[445656]]>
              </value>
            </param>
            <param index="1">
              <value>
                <![CDATA[ ]]>
              </value>
            </param>
            <param index="2">
              <value>
                <![CDATA[Address1]]>
              </value>
            </param>
            <param index="3">
              <value>
                <![CDATA[state1]]>
              </value>
            </param>
            <param index="4">
              <value>
                <![CDATA[City1]]>
              </value>
            </param>
            <param index="5">
              <value>
                <![CDATA[BN2 3E4]]>
              </value>
            </param>
            <param index="6">
              <value>
                <![CDATA[ ]]>
              </value>
            </param>
            <param index="7">
              <value>
                <![CDATA[67687798]]>
              </value>
            </param>
            <param index="8">
              <value>
                <![CDATA[utharit@ ]]>
              </value>
            </param>
            <param index="9">
              <value>
                <![CDATA[utharit]]>
              </value>
            </param>
            <param index="10">
              <value>
                <![CDATA[utharit]]>
              </value>
            </param>
          </params>
          <reporter-output>
          </reporter-output>
        </test-method> <!-- invalidRegistration -->
        <test-method signature="invalidRegistration(java.lang.String, java.lang.String, java.lang.String, java.lang.String, java.lang.String, java.lang.String, java.lang.String, java.lang.String, java.lang.String, java.lang.String, java.lang.String)[pri:4, instance:testCases.DemoRegisterTest@3c017078]" started-at="2024-10-15T20:15:42 BST" name="invalidRegistration" data-provider="registrationData" finished-at="2024-10-15T20:15:49 BST" duration-ms="7221" status="PASS">
          <params>
            <param index="0">
              <value>
                <![CDATA[Ushari]]>
              </value>
            </param>
            <param index="1">
              <value>
                <![CDATA[65665]]>
              </value>
            </param>
            <param index="2">
              <value>
                <![CDATA[Address1]]>
              </value>
            </param>
            <param index="3">
              <value>
                <![CDATA[state1]]>
              </value>
            </param>
            <param index="4">
              <value>
                <![CDATA[City1]]>
              </value>
            </param>
            <param index="5">
              <value>
                <![CDATA[BN23E4]]>
              </value>
            </param>
            <param index="6">
              <value>
                <![CDATA[hhhoih]]>
              </value>
            </param>
            <param index="7">
              <value>
                <![CDATA[67687798]]>
              </value>
            </param>
            <param index="8">
              <value>
                <![CDATA[ewtyetqyhrr@]]>
              </value>
            </param>
            <param index="9">
              <value>
                <![CDATA[utharit]]>
              </value>
            </param>
            <param index="10">
              <value>
                <![CDATA[utharit6y65y]]>
              </value>
            </param>
          </params>
          <reporter-output>
          </reporter-output>
        </test-method> <!-- invalidRegistration -->
        <test-method is-config="true" signature="close()[pri:0, instance:testCases.DemoRegisterTest@3c017078]" started-at="2024-10-15T20:15:49 BST" name="close" finished-at="2024-10-15T20:15:50 BST" duration-ms="517" status="PASS">
          <reporter-output>
          </reporter-output>
        </test-method> <!-- close -->
      </class> <!-- testCases.DemoRegisterTest -->
      <class name="testCases.DemoLoginTest">
        <test-method is-config="true" signature="setup(java.lang.String)[pri:0, instance:testCases.DemoLoginTest@51827393]" started-at="2024-10-15T20:15:50 BST" name="setup" finished-at="2024-10-15T20:15:54 BST" duration-ms="4587" status="PASS">
          <params>
            <param index="0">
              <value>
                <![CDATA[edge]]>
              </value>
            </param>
          </params>
          <reporter-output>
          </reporter-output>
        </test-method> <!-- setup -->
        <test-method signature="emptyLoginSubmission()[pri:1, instance:testCases.DemoLoginTest@51827393]" started-at="2024-10-15T20:15:54 BST" name="emptyLoginSubmission" finished-at="2024-10-15T20:15:55 BST" duration-ms="920" status="PASS">
          <reporter-output>
          </reporter-output>
        </test-method> <!-- emptyLoginSubmission -->
        <test-method signature="invalidLoginSubmission()[pri:2, instance:testCases.DemoLoginTest@51827393]" started-at="2024-10-15T20:15:55 BST" name="invalidLoginSubmission" finished-at="2024-10-15T20:16:00 BST" duration-ms="5240" status="PASS">
          <reporter-output>
          </reporter-output>
        </test-method> <!-- invalidLoginSubmission -->
        <test-method signature="validLoginSubmission()[pri:3, instance:testCases.DemoLoginTest@51827393]" started-at="2024-10-15T20:16:00 BST" name="validLoginSubmission" finished-at="2024-10-15T20:16:03 BST" duration-ms="2758" status="PASS">
          <reporter-output>
          </reporter-output>
        </test-method> <!-- validLoginSubmission -->
        <test-method is-config="true" signature="close()[pri:0, instance:testCases.DemoLoginTest@51827393]" started-at="2024-10-15T20:16:03 BST" name="close" finished-at="2024-10-15T20:16:04 BST" duration-ms="472" status="PASS">
          <reporter-output>
          </reporter-output>
        </test-method> <!-- close -->
      </class> <!-- testCases.DemoLoginTest -->
    </test> <!-- Test Suite Regression Edge -->
  </suite> <!-- Suite -->
</testng-results>
