<?xml version="1.0" encoding="UTF-8"?>
<testng-results ignored="0" total="8" passed="8" failed="0" skipped="0">
  <reporter-output>
  </reporter-output>
  <suite started-at="2024-10-10T21:01:52 BST" name="Suite" finished-at="2024-10-10T21:02:52 BST" duration-ms="60048">
    <groups>
    </groups>
    <test started-at="2024-10-10T21:01:52 BST" name="Test Suite Regression" finished-at="2024-10-10T21:02:52 BST" duration-ms="60048">
      <class name="testCases.DemoRegisterTest">
        <test-method is-config="true" signature="beforetest()[pri:0, instance:testCases.DemoRegisterTest@24097e9b]" started-at="2024-10-10T21:02:04 BST" name="beforetest" finished-at="2024-10-10T21:02:11 BST" duration-ms="6586" status="PASS">
          <reporter-output>
          </reporter-output>
        </test-method> <!-- beforetest -->
        <test-method signature="redirectToRegisterPage()[pri:1, instance:testCases.DemoRegisterTest@24097e9b]" started-at="2024-10-10T21:02:11 BST" name="redirectToRegisterPage" finished-at="2024-10-10T21:02:14 BST" duration-ms="3094" status="PASS">
          <reporter-output>
          </reporter-output>
        </test-method> <!-- redirectToRegisterPage -->
        <test-method signature="fillingRegisterForm()[pri:2, instance:testCases.DemoRegisterTest@24097e9b]" started-at="2024-10-10T21:02:15 BST" name="fillingRegisterForm" finished-at="2024-10-10T21:02:28 BST" duration-ms="13688" status="PASS">
          <reporter-output>
          </reporter-output>
        </test-method> <!-- fillingRegisterForm -->
        <test-method signature="submitEmptyRegistration()[pri:3, instance:testCases.DemoRegisterTest@24097e9b]" started-at="2024-10-10T21:02:28 BST" name="submitEmptyRegistration" finished-at="2024-10-10T21:02:30 BST" duration-ms="1746" status="PASS">
          <reporter-output>
          </reporter-output>
        </test-method> <!-- submitEmptyRegistration -->
        <test-method signature="invalidRegistration(java.lang.String, java.lang.String, java.lang.String, java.lang.String, java.lang.String, java.lang.String, java.lang.String, java.lang.String, java.lang.String, java.lang.String, java.lang.String)[pri:4, instance:testCases.DemoRegisterTest@24097e9b]" started-at="2024-10-10T21:02:30 BST" name="invalidRegistration" data-provider="registrationData" finished-at="2024-10-10T21:02:37 BST" duration-ms="6817" status="PASS">
          <params>
            <param index="0">
              <value>
                <![CDATA[445656]]>
              </value>
            </param>
            <param index="1">
              <value>
                <![CDATA[ ]]>
              </value>
            </param>
            <param index="2">
              <value>
                <![CDATA[Address1]]>
              </value>
            </param>
            <param index="3">
              <value>
                <![CDATA[state1]]>
              </value>
            </param>
            <param index="4">
              <value>
                <![CDATA[City1]]>
              </value>
            </param>
            <param index="5">
              <value>
                <![CDATA[BN2 3E4]]>
              </value>
            </param>
            <param index="6">
              <value>
                <![CDATA[ ]]>
              </value>
            </param>
            <param index="7">
              <value>
                <![CDATA[67687798]]>
              </value>
            </param>
            <param index="8">
              <value>
                <![CDATA[utharit@ ]]>
              </value>
            </param>
            <param index="9">
              <value>
                <![CDATA[utharit]]>
              </value>
            </param>
            <param index="10">
              <value>
                <![CDATA[utharit]]>
              </value>
            </param>
          </params>
          <reporter-output>
          </reporter-output>
        </test-method> <!-- invalidRegistration -->
        <test-method signature="invalidRegistration(java.lang.String, java.lang.String, java.lang.String, java.lang.String, java.lang.String, java.lang.String, java.lang.String, java.lang.String, java.lang.String, java.lang.String, java.lang.String)[pri:4, instance:testCases.DemoRegisterTest@24097e9b]" started-at="2024-10-10T21:02:37 BST" name="invalidRegistration" data-provider="registrationData" finished-at="2024-10-10T21:02:43 BST" duration-ms="5560" status="PASS">
          <params>
            <param index="0">
              <value>
                <![CDATA[Ushari]]>
              </value>
            </param>
            <param index="1">
              <value>
                <![CDATA[65665]]>
              </value>
            </param>
            <param index="2">
              <value>
                <![CDATA[Address1]]>
              </value>
            </param>
            <param index="3">
              <value>
                <![CDATA[state1]]>
              </value>
            </param>
            <param index="4">
              <value>
                <![CDATA[City1]]>
              </value>
            </param>
            <param index="5">
              <value>
                <![CDATA[BN23E4]]>
              </value>
            </param>
            <param index="6">
              <value>
                <![CDATA[hhhoih]]>
              </value>
            </param>
            <param index="7">
              <value>
                <![CDATA[67687798]]>
              </value>
            </param>
            <param index="8">
              <value>
                <![CDATA[ewtyetqyhrr@]]>
              </value>
            </param>
            <param index="9">
              <value>
                <![CDATA[utharit]]>
              </value>
            </param>
            <param index="10">
              <value>
                <![CDATA[utharit6y65y]]>
              </value>
            </param>
          </params>
          <reporter-output>
          </reporter-output>
        </test-method> <!-- invalidRegistration -->
        <test-method is-config="true" signature="close()[pri:0, instance:testCases.DemoRegisterTest@24097e9b]" started-at="2024-10-10T21:02:43 BST" name="close" finished-at="2024-10-10T21:02:43 BST" duration-ms="373" status="PASS">
          <reporter-output>
          </reporter-output>
        </test-method> <!-- close -->
      </class> <!-- testCases.DemoRegisterTest -->
      <class name="testCases.DemoLoginTest">
        <test-method is-config="true" signature="beforetest()[pri:0, instance:testCases.DemoLoginTest@5eb97ced]" started-at="2024-10-10T21:01:52 BST" name="beforetest" finished-at="2024-10-10T21:02:04 BST" duration-ms="12061" status="PASS">
          <reporter-output>
          </reporter-output>
        </test-method> <!-- beforetest -->
        <test-method signature="emptyLoginSubmission()[pri:1, instance:testCases.DemoLoginTest@5eb97ced]" started-at="2024-10-10T21:02:43 BST" name="emptyLoginSubmission" finished-at="2024-10-10T21:02:44 BST" duration-ms="1251" status="PASS">
          <reporter-output>
          </reporter-output>
        </test-method> <!-- emptyLoginSubmission -->
        <test-method signature="invalidLoginSubmission()[pri:2, instance:testCases.DemoLoginTest@5eb97ced]" started-at="2024-10-10T21:02:44 BST" name="invalidLoginSubmission" finished-at="2024-10-10T21:02:49 BST" duration-ms="5047" status="PASS">
          <reporter-output>
          </reporter-output>
        </test-method> <!-- invalidLoginSubmission -->
        <test-method signature="validLoginSubmission()[pri:3, instance:testCases.DemoLoginTest@5eb97ced]" started-at="2024-10-10T21:02:49 BST" name="validLoginSubmission" finished-at="2024-10-10T21:02:52 BST" duration-ms="2719" status="PASS">
          <reporter-output>
          </reporter-output>
        </test-method> <!-- validLoginSubmission -->
        <test-method is-config="true" signature="close()[pri:0, instance:testCases.DemoLoginTest@5eb97ced]" started-at="2024-10-10T21:02:52 BST" name="close" finished-at="2024-10-10T21:02:52 BST" duration-ms="290" status="PASS">
          <reporter-output>
          </reporter-output>
        </test-method> <!-- close -->
      </class> <!-- testCases.DemoLoginTest -->
    </test> <!-- Test Suite Regression -->
  </suite> <!-- Suite -->
</testng-results>
